MEM,R,00000000,00000000,U
MEM,R,00000004,00000000,U
STEP,0,800004F0
MEM,R,800004F0,4E56,U
MEM,R,800004F2,FFF8,U
MEM,W,9FFFFFFC,FFFFFFC8,U
STEP,1,800004F4
MEM,R,800004F4,42AE,U
MEM,R,800004F6,FFFC,U
MEM,R,9FFFFFF8,00000000,U
MEM,W,9FFFFFF8,00000000,U
STEP,2,800004F8
MEM,R,800004F8,6048,U
STEP,3,80000542
MEM,R,80000542,2039,U
MEM,R,80000544,800680C0,U
MEM,R,800680C0,00000005,U
STEP,4,80000548
MEM,R,80000548,B0AE,U
MEM,R,8000054A,FFFC,U
MEM,R,9FFFFFF8,00000000,U
STEP,5,8000054C
MEM,R,8000054C,6EAC,U
STEP,6,800004FA
MEM,R,800004FA,202E,U
MEM,R,800004FC,FFFC,U
MEM,R,9FFFFFF8,00000000,U
STEP,7,800004FE
MEM,R,800004FE,D080,U
STEP,8,80000500
MEM,R,80000500,2240,U
STEP,9,80000502
MEM,R,80000502,D3C0,U
STEP,10,80000504
MEM,R,80000504,41F9,U
MEM,R,80000506,800680C4,U
STEP,11,8000050A
MEM,R,8000050A,2031,U
MEM,R,8000050C,8800,U
MEM,R,800680C4,80047DA0,U
STEP,12,8000050E
MEM,R,8000050E,2F00,U
MEM,W,9FFFFFF0,80047DA0,U
STEP,13,80000510
MEM,R,80000510,4EB9,U
MEM,R,80000512,80000458,U
MEM,W,9FFFFFEC,80000516,U
STEP,14,80000458
MEM,R,80000458,4E56,U
MEM,R,8000045A,FFF8,U
MEM,W,9FFFFFE8,9FFFFFFC,U
STEP,15,8000045C
MEM,R,8000045C,42AE,U
MEM,R,8000045E,FFFC,U
MEM,R,9FFFFFE4,00000000,U
MEM,W,9FFFFFE4,00000000,U
STEP,16,80000460
MEM,R,80000460,42AE,U
MEM,R,80000462,FFF8,U
MEM,R,9FFFFFE0,00000000,U
MEM,W,9FFFFFE0,00000000,U
STEP,17,80000464
MEM,R,80000464,206E,U
MEM,R,80000466,0008,U
MEM,R,9FFFFFF0,80047DA0,U
STEP,18,80000468
MEM,R,80000468,1010,U
MEM,R,80047DA0,31,U
STEP,19,8000046A
MEM,R,8000046A,0C00,U
MEM,R,8000046C,002D,U
STEP,20,8000046E
MEM,R,8000046E,6632,U
STEP,21,800004A2
MEM,R,800004A2,206E,U
MEM,R,800004A4,0008,U
MEM,R,9FFFFFF0,80047DA0,U
STEP,22,800004A6
MEM,R,800004A6,1010,U
MEM,R,80047DA0,31,U
STEP,23,800004A8
MEM,R,800004A8,4A00,U
STEP,24,800004AA
MEM,R,800004AA,66D0,U
STEP,25,8000047C
MEM,R,8000047C,222E,U
MEM,R,8000047E,FFFC,U
MEM,R,9FFFFFE4,00000000,U
STEP,26,80000480
MEM,R,80000480,2001,U
STEP,27,80000482
MEM,R,80000482,D080,U
STEP,28,80000484
MEM,R,80000484,D080,U
STEP,29,80000486
MEM,R,80000486,D081,U
STEP,30,80000488
MEM,R,80000488,D080,U
STEP,31,8000048A
MEM,R,8000048A,206E,U
MEM,R,8000048C,0008,U
MEM,R,9FFFFFF0,80047DA0,U
STEP,32,8000048E
MEM,R,8000048E,1210,U
MEM,R,80047DA0,31,U
STEP,33,80000490
MEM,R,80000490,4881,U
STEP,34,80000492
MEM,R,80000492,3041,U
STEP,35,80000494
MEM,R,80000494,41E8,U
MEM,R,80000496,FFD0,U
STEP,36,80000498
MEM,R,80000498,D1C0,U
STEP,37,8000049A
MEM,R,8000049A,2D48,U
MEM,R,8000049C,FFFC,U
MEM,W,9FFFFFE4,00000001,U
STEP,38,8000049E
MEM,R,8000049E,52AE,U
MEM,R,800004A0,0008,U
MEM,R,9FFFFFF0,80047DA0,U
MEM,W,9FFFFFF0,80047DA1,U
STEP,39,800004A2
MEM,R,800004A2,206E,U
MEM,R,800004A4,0008,U
MEM,R,9FFFFFF0,80047DA1,U
STEP,40,800004A6
MEM,R,800004A6,1010,U
MEM,R,80047DA1,00,U
STEP,41,800004A8
MEM,R,800004A8,4A00,U
STEP,42,800004AA
MEM,R,800004AA,66D0,U
STEP,43,800004AC
MEM,R,800004AC,4AAE,U
MEM,R,800004AE,FFF8,U
MEM,R,9FFFFFE0,00000000,U
STEP,44,800004B0
MEM,R,800004B0,6704,U
STEP,45,800004B6
MEM,R,800004B6,202E,U
MEM,R,800004B8,FFFC,U
MEM,R,9FFFFFE4,00000001,U
STEP,46,800004BA
MEM,R,800004BA,4E5E,U
MEM,R,9FFFFFE8,9FFFFFFC,U
STEP,47,800004BC
MEM,R,800004BC,4E75,U
MEM,R,9FFFFFEC,80000516,U
STEP,48,80000516
MEM,R,80000516,588F,U
STEP,49,80000518
MEM,R,80000518,2D40,U
MEM,R,8000051A,FFF8,U
MEM,W,9FFFFFF4,00000001,U
STEP,50,8000051C
MEM,R,8000051C,2F2E,U
MEM,R,8000051E,FFF8,U
MEM,R,9FFFFFF4,00000001,U
MEM,W,9FFFFFF0,00000001,U
STEP,51,80000520
MEM,R,80000520,4EB9,U
MEM,R,80000522,800004BE,U
MEM,W,9FFFFFEC,80000526,U
STEP,52,800004BE
MEM,R,800004BE,4E56,U
MEM,R,800004C0,0000,U
MEM,W,9FFFFFE8,9FFFFFFC,U
STEP,53,800004C2
MEM,R,800004C2,7001,U
STEP,54,800004C4
MEM,R,800004C4,B0AE,U
MEM,R,800004C6,0008,U
MEM,R,9FFFFFF0,00000001,U
STEP,55,800004C8
MEM,R,800004C8,6604,U
STEP,56,800004CA
MEM,R,800004CA,7001,U
STEP,57,800004CC
MEM,R,800004CC,601E,U
STEP,58,800004EC
MEM,R,800004EC,4E5E,U
MEM,R,9FFFFFE8,9FFFFFFC,U
STEP,59,800004EE
MEM,R,800004EE,4E75,U
MEM,R,9FFFFFEC,80000526,U
STEP,60,80000526
MEM,R,80000526,588F,U
STEP,61,80000528
MEM,R,80000528,2F00,U
MEM,W,9FFFFFF0,00000001,U
STEP,62,8000052A
MEM,R,8000052A,2F2E,U
MEM,R,8000052C,FFF8,U
MEM,R,9FFFFFF4,00000001,U
MEM,W,9FFFFFEC,00000001,U
STEP,63,8000052E
MEM,R,8000052E,4879,U
MEM,R,80000530,80047DAA,U
MEM,W,9FFFFFE8,80047DAA,U
STEP,64,8000053A
MEM,R,8000053A,4FEF,U
MEM,R,8000053C,000C,U
STEP,65,8000053E
MEM,R,8000053E,52AE,U
MEM,R,80000540,FFFC,U
MEM,R,9FFFFFF8,00000000,U
MEM,W,9FFFFFF8,00000001,U
STEP,66,80000542
MEM,R,80000542,2039,U
MEM,R,80000544,800680C0,U
MEM,R,800680C0,00000005,U
STEP,67,80000548
MEM,R,80000548,B0AE,U
MEM,R,8000054A,FFFC,U
MEM,R,9FFFFFF8,00000001,U
STEP,68,8000054C
MEM,R,8000054C,6EAC,U
STEP,69,800004FA
MEM,R,800004FA,202E,U
MEM,R,800004FC,FFFC,U
MEM,R,9FFFFFF8,00000001,U
STEP,70,800004FE
MEM,R,800004FE,D080,U
STEP,71,80000500
MEM,R,80000500,2240,U
STEP,72,80000502
MEM,R,80000502,D3C0,U
STEP,73,80000504
MEM,R,80000504,41F9,U
MEM,R,80000506,800680C4,U
STEP,74,8000050A
MEM,R,8000050A,2031,U
MEM,R,8000050C,8800,U
MEM,R,800680C8,80047DA2,U
STEP,75,8000050E
MEM,R,8000050E,2F00,U
MEM,W,9FFFFFF0,80047DA2,U
STEP,76,80000510
MEM,R,80000510,4EB9,U
MEM,R,80000512,80000458,U
MEM,W,9FFFFFEC,80000516,U
STEP,77,80000458
MEM,R,80000458,4E56,U
MEM,R,8000045A,FFF8,U
MEM,W,9FFFFFE8,9FFFFFFC,U
STEP,78,8000045C
MEM,R,8000045C,42AE,U
MEM,R,8000045E,FFFC,U
MEM,R,9FFFFFE4,00000001,U
MEM,W,9FFFFFE4,00000000,U
STEP,79,80000460
MEM,R,80000460,42AE,U
MEM,R,80000462,FFF8,U
MEM,R,9FFFFFE0,00000000,U
MEM,W,9FFFFFE0,00000000,U
STEP,80,80000464
MEM,R,80000464,206E,U
MEM,R,80000466,0008,U
MEM,R,9FFFFFF0,80047DA2,U
STEP,81,80000468
MEM,R,80000468,1010,U
MEM,R,80047DA2,32,U
STEP,82,8000046A
MEM,R,8000046A,0C00,U
MEM,R,8000046C,002D,U
STEP,83,8000046E
MEM,R,8000046E,6632,U
STEP,84,800004A2
MEM,R,800004A2,206E,U
MEM,R,800004A4,0008,U
MEM,R,9FFFFFF0,80047DA2,U
STEP,85,800004A6
MEM,R,800004A6,1010,U
MEM,R,80047DA2,32,U
STEP,86,800004A8
MEM,R,800004A8,4A00,U
STEP,87,800004AA
MEM,R,800004AA,66D0,U
STEP,88,8000047C
MEM,R,8000047C,222E,U
MEM,R,8000047E,FFFC,U
MEM,R,9FFFFFE4,00000000,U
STEP,89,80000480
MEM,R,80000480,2001,U
STEP,90,80000482
MEM,R,80000482,D080,U
STEP,91,80000484
MEM,R,80000484,D080,U
STEP,92,80000486
MEM,R,80000486,D081,U
STEP,93,80000488
MEM,R,80000488,D080,U
STEP,94,8000048A
MEM,R,8000048A,206E,U
MEM,R,8000048C,0008,U
MEM,R,9FFFFFF0,80047DA2,U
STEP,95,8000048E
MEM,R,8000048E,1210,U
MEM,R,80047DA2,32,U
STEP,96,80000490
MEM,R,80000490,4881,U
STEP,97,80000492
MEM,R,80000492,3041,U
STEP,98,80000494
MEM,R,80000494,41E8,U
MEM,R,80000496,FFD0,U
STEP,99,80000498
MEM,R,80000498,D1C0,U
STEP,100,8000049A
MEM,R,8000049A,2D48,U
MEM,R,8000049C,FFFC,U
MEM,W,9FFFFFE4,00000002,U
STEP,101,8000049E
MEM,R,8000049E,52AE,U
MEM,R,800004A0,0008,U
MEM,R,9FFFFFF0,80047DA2,U
MEM,W,9FFFFFF0,80047DA3,U
STEP,102,800004A2
MEM,R,800004A2,206E,U
MEM,R,800004A4,0008,U
MEM,R,9FFFFFF0,80047DA3,U
STEP,103,800004A6
MEM,R,800004A6,1010,U
MEM,R,80047DA3,00,U
STEP,104,800004A8
MEM,R,800004A8,4A00,U
STEP,105,800004AA
MEM,R,800004AA,66D0,U
STEP,106,800004AC
MEM,R,800004AC,4AAE,U
MEM,R,800004AE,FFF8,U
MEM,R,9FFFFFE0,00000000,U
STEP,107,800004B0
MEM,R,800004B0,6704,U
STEP,108,800004B6
MEM,R,800004B6,202E,U
MEM,R,800004B8,FFFC,U
MEM,R,9FFFFFE4,00000002,U
STEP,109,800004BA
MEM,R,800004BA,4E5E,U
MEM,R,9FFFFFE8,9FFFFFFC,U
STEP,110,800004BC
MEM,R,800004BC,4E75,U
MEM,R,9FFFFFEC,80000516,U
STEP,111,80000516
MEM,R,80000516,588F,U
STEP,112,80000518
MEM,R,80000518,2D40,U
MEM,R,8000051A,FFF8,U
MEM,W,9FFFFFF4,00000002,U
STEP,113,8000051C
MEM,R,8000051C,2F2E,U
MEM,R,8000051E,FFF8,U
MEM,R,9FFFFFF4,00000002,U
MEM,W,9FFFFFF0,00000002,U
STEP,114,80000520
MEM,R,80000520,4EB9,U
MEM,R,80000522,800004BE,U
MEM,W,9FFFFFEC,80000526,U
STEP,115,800004BE
MEM,R,800004BE,4E56,U
MEM,R,800004C0,0000,U
MEM,W,9FFFFFE8,9FFFFFFC,U
STEP,116,800004C2
MEM,R,800004C2,7001,U
STEP,117,800004C4
MEM,R,800004C4,B0AE,U
MEM,R,800004C6,0008,U
MEM,R,9FFFFFF0,00000002,U
STEP,118,800004C8
MEM,R,800004C8,6604,U
STEP,119,800004CE
MEM,R,800004CE,202E,U
MEM,R,800004D0,0008,U
MEM,R,9FFFFFF0,00000002,U
STEP,120,800004D2
MEM,R,800004D2,5380,U
STEP,121,800004D4
MEM,R,800004D4,2F00,U
MEM,W,9FFFFFE4,00000001,U
STEP,122,800004D6
MEM,R,800004D6,4EB9,U
MEM,R,800004D8,800004BE,U
MEM,W,9FFFFFE0,800004DC,U
STEP,123,800004BE
MEM,R,800004BE,4E56,U
MEM,R,800004C0,0000,U
MEM,W,9FFFFFDC,9FFFFFE8,U
STEP,124,800004C2
MEM,R,800004C2,7001,U
STEP,125,800004C4
MEM,R,800004C4,B0AE,U
MEM,R,800004C6,0008,U
MEM,R,9FFFFFE4,00000001,U
STEP,126,800004C8
MEM,R,800004C8,6604,U
STEP,127,800004CA
MEM,R,800004CA,7001,U
STEP,128,800004CC
MEM,R,800004CC,601E,U
STEP,129,800004EC
MEM,R,800004EC,4E5E,U
MEM,R,9FFFFFDC,9FFFFFE8,U
STEP,130,800004EE
MEM,R,800004EE,4E75,U
MEM,R,9FFFFFE0,800004DC,U
STEP,131,800004DC
MEM,R,800004DC,588F,U
STEP,132,800004DE
MEM,R,800004DE,2F2E,U
MEM,R,800004E0,0008,U
MEM,R,9FFFFFF0,00000002,U
MEM,W,9FFFFFE4,00000002,U
STEP,133,800004E2
MEM,R,800004E2,2F00,U
MEM,W,9FFFFFE0,00000001,U
STEP,134,800004E4
MEM,R,800004E4,4EB9,U
MEM,R,800004E6,80000554,U
MEM,W,9FFFFFDC,800004EA,U
STEP,135,80000554
MEM,R,80000554,302F,U
MEM,R,80000556,0004,U
MEM,R,9FFFFFE0,0000,U
STEP,136,80000558
MEM,R,80000558,C0EF,U
MEM,R,8000055A,000A,U
MEM,R,9FFFFFE6,0002,U
STEP,137,8000055C
MEM,R,8000055C,322F,U
MEM,R,8000055E,0006,U
MEM,R,9FFFFFE2,0001,U
STEP,138,80000560
MEM,R,80000560,C2EF,U
MEM,R,80000562,0008,U
MEM,R,9FFFFFE4,0000,U
STEP,139,80000564
MEM,R,80000564,D041,U
STEP,140,80000566
MEM,R,80000566,4840,U
STEP,141,80000568
MEM,R,80000568,4240,U
STEP,142,8000056A
MEM,R,8000056A,322F,U
MEM,R,8000056C,0006,U
MEM,R,9FFFFFE2,0001,U
STEP,143,8000056E
MEM,R,8000056E,C2EF,U
MEM,R,80000570,000A,U
MEM,R,9FFFFFE6,0002,U
STEP,144,80000572
MEM,R,80000572,D081,U
STEP,145,80000574
MEM,R,80000574,4E75,U
MEM,R,9FFFFFDC,800004EA,U
STEP,146,800004EA
MEM,R,800004EA,508F,U
STEP,147,800004EC
MEM,R,800004EC,4E5E,U
MEM,R,9FFFFFE8,9FFFFFFC,U
STEP,148,800004EE
MEM,R,800004EE,4E75,U
MEM,R,9FFFFFEC,80000526,U
STEP,149,80000526
MEM,R,80000526,588F,U
STEP,150,80000528
MEM,R,80000528,2F00,U
MEM,W,9FFFFFF0,00000002,U
STEP,151,8000052A
MEM,R,8000052A,2F2E,U
MEM,R,8000052C,FFF8,U
MEM,R,9FFFFFF4,00000002,U
MEM,W,9FFFFFEC,00000002,U
STEP,152,8000052E
MEM,R,8000052E,4879,U
MEM,R,80000530,80047DAA,U
MEM,W,9FFFFFE8,80047DAA,U
STEP,153,8000053A
MEM,R,8000053A,4FEF,U
MEM,R,8000053C,000C,U
STEP,154,8000053E
MEM,R,8000053E,52AE,U
MEM,R,80000540,FFFC,U
MEM,R,9FFFFFF8,00000001,U
MEM,W,9FFFFFF8,00000002,U
STEP,155,80000542
MEM,R,80000542,2039,U
MEM,R,80000544,800680C0,U
MEM,R,800680C0,00000005,U
STEP,156,80000548
MEM,R,80000548,B0AE,U
MEM,R,8000054A,FFFC,U
MEM,R,9FFFFFF8,00000002,U
STEP,157,8000054C
MEM,R,8000054C,6EAC,U
STEP,158,800004FA
MEM,R,800004FA,202E,U
MEM,R,800004FC,FFFC,U
MEM,R,9FFFFFF8,00000002,U
STEP,159,800004FE
MEM,R,800004FE,D080,U
STEP,160,80000500
MEM,R,80000500,2240,U
STEP,161,80000502
MEM,R,80000502,D3C0,U
STEP,162,80000504
MEM,R,80000504,41F9,U
MEM,R,80000506,800680C4,U
STEP,163,8000050A
MEM,R,8000050A,2031,U
MEM,R,8000050C,8800,U
MEM,R,800680CC,80047DA4,U
STEP,164,8000050E
MEM,R,8000050E,2F00,U
MEM,W,9FFFFFF0,80047DA4,U
STEP,165,80000510
MEM,R,80000510,4EB9,U
MEM,R,80000512,80000458,U
MEM,W,9FFFFFEC,80000516,U
STEP,166,80000458
MEM,R,80000458,4E56,U
MEM,R,8000045A,FFF8,U
MEM,W,9FFFFFE8,9FFFFFFC,U
STEP,167,8000045C
MEM,R,8000045C,42AE,U
MEM,R,8000045E,FFFC,U
MEM,R,9FFFFFE4,00000002,U
MEM,W,9FFFFFE4,00000000,U
STEP,168,80000460
MEM,R,80000460,42AE,U
MEM,R,80000462,FFF8,U
MEM,R,9FFFFFE0,00000001,U
MEM,W,9FFFFFE0,00000000,U
STEP,169,80000464
MEM,R,80000464,206E,U
MEM,R,80000466,0008,U
MEM,R,9FFFFFF0,80047DA4,U
STEP,170,80000468
MEM,R,80000468,1010,U
MEM,R,80047DA4,33,U
STEP,171,8000046A
MEM,R,8000046A,0C00,U
MEM,R,8000046C,002D,U
STEP,172,8000046E
MEM,R,8000046E,6632,U
STEP,173,800004A2
MEM,R,800004A2,206E,U
MEM,R,800004A4,0008,U
MEM,R,9FFFFFF0,80047DA4,U
STEP,174,800004A6
MEM,R,800004A6,1010,U
MEM,R,80047DA4,33,U
STEP,175,800004A8
MEM,R,800004A8,4A00,U
STEP,176,800004AA
MEM,R,800004AA,66D0,U
STEP,177,8000047C
MEM,R,8000047C,222E,U
MEM,R,8000047E,FFFC,U
MEM,R,9FFFFFE4,00000000,U
STEP,178,80000480
MEM,R,80000480,2001,U
STEP,179,80000482
MEM,R,80000482,D080,U
STEP,180,80000484
MEM,R,80000484,D080,U
STEP,181,80000486
MEM,R,80000486,D081,U
STEP,182,80000488
MEM,R,80000488,D080,U
STEP,183,8000048A
MEM,R,8000048A,206E,U
MEM,R,8000048C,0008,U
MEM,R,9FFFFFF0,80047DA4,U
STEP,184,8000048E
MEM,R,8000048E,1210,U
MEM,R,80047DA4,33,U
STEP,185,80000490
MEM,R,80000490,4881,U
STEP,186,80000492
MEM,R,80000492,3041,U
STEP,187,80000494
MEM,R,80000494,41E8,U
MEM,R,80000496,FFD0,U
STEP,188,80000498
MEM,R,80000498,D1C0,U
STEP,189,8000049A
MEM,R,8000049A,2D48,U
MEM,R,8000049C,FFFC,U
MEM,W,9FFFFFE4,00000003,U
STEP,190,8000049E
MEM,R,8000049E,52AE,U
MEM,R,800004A0,0008,U
MEM,R,9FFFFFF0,80047DA4,U
MEM,W,9FFFFFF0,80047DA5,U
STEP,191,800004A2
MEM,R,800004A2,206E,U
MEM,R,800004A4,0008,U
MEM,R,9FFFFFF0,80047DA5,U
STEP,192,800004A6
MEM,R,800004A6,1010,U
MEM,R,80047DA5,00,U
STEP,193,800004A8
MEM,R,800004A8,4A00,U
STEP,194,800004AA
MEM,R,800004AA,66D0,U
STEP,195,800004AC
MEM,R,800004AC,4AAE,U
MEM,R,800004AE,FFF8,U
MEM,R,9FFFFFE0,00000000,U
STEP,196,800004B0
MEM,R,800004B0,6704,U
STEP,197,800004B6
MEM,R,800004B6,202E,U
MEM,R,800004B8,FFFC,U
MEM,R,9FFFFFE4,00000003,U
STEP,198,800004BA
MEM,R,800004BA,4E5E,U
MEM,R,9FFFFFE8,9FFFFFFC,U
STEP,199,800004BC
MEM,R,800004BC,4E75,U
MEM,R,9FFFFFEC,80000516,U
STEP,200,80000516
MEM,R,80000516,588F,U
STEP,201,80000518
MEM,R,80000518,2D40,U
MEM,R,8000051A,FFF8,U
MEM,W,9FFFFFF4,00000003,U
STEP,202,8000051C
MEM,R,8000051C,2F2E,U
MEM,R,8000051E,FFF8,U
MEM,R,9FFFFFF4,00000003,U
MEM,W,9FFFFFF0,00000003,U
STEP,203,80000520
MEM,R,80000520,4EB9,U
MEM,R,80000522,800004BE,U
MEM,W,9FFFFFEC,80000526,U
STEP,204,800004BE
MEM,R,800004BE,4E56,U
MEM,R,800004C0,0000,U
MEM,W,9FFFFFE8,9FFFFFFC,U
STEP,205,800004C2
MEM,R,800004C2,7001,U
STEP,206,800004C4
MEM,R,800004C4,B0AE,U
MEM,R,800004C6,0008,U
MEM,R,9FFFFFF0,00000003,U
STEP,207,800004C8
MEM,R,800004C8,6604,U
STEP,208,800004CE
MEM,R,800004CE,202E,U
MEM,R,800004D0,0008,U
MEM,R,9FFFFFF0,00000003,U
STEP,209,800004D2
MEM,R,800004D2,5380,U
STEP,210,800004D4
MEM,R,800004D4,2F00,U
MEM,W,9FFFFFE4,00000002,U
STEP,211,800004D6
MEM,R,800004D6,4EB9,U
MEM,R,800004D8,800004BE,U
MEM,W,9FFFFFE0,800004DC,U
STEP,212,800004BE
MEM,R,800004BE,4E56,U
MEM,R,800004C0,0000,U
MEM,W,9FFFFFDC,9FFFFFE8,U
STEP,213,800004C2
MEM,R,800004C2,7001,U
STEP,214,800004C4
MEM,R,800004C4,B0AE,U
MEM,R,800004C6,0008,U
MEM,R,9FFFFFE4,00000002,U
STEP,215,800004C8
MEM,R,800004C8,6604,U
STEP,216,800004CE
MEM,R,800004CE,202E,U
MEM,R,800004D0,0008,U
MEM,R,9FFFFFE4,00000002,U
STEP,217,800004D2
MEM,R,800004D2,5380,U
STEP,218,800004D4
MEM,R,800004D4,2F00,U
MEM,W,9FFFFFD8,00000001,U
STEP,219,800004D6
MEM,R,800004D6,4EB9,U
MEM,R,800004D8,800004BE,U
MEM,W,9FFFFFD4,800004DC,U
STEP,220,800004BE
MEM,R,800004BE,4E56,U
MEM,R,800004C0,0000,U
MEM,W,9FFFFFD0,9FFFFFDC,U
STEP,221,800004C2
MEM,R,800004C2,7001,U
STEP,222,800004C4
MEM,R,800004C4,B0AE,U
MEM,R,800004C6,0008,U
MEM,R,9FFFFFD8,00000001,U
STEP,223,800004C8
MEM,R,800004C8,6604,U
STEP,224,800004CA
MEM,R,800004CA,7001,U
STEP,225,800004CC
MEM,R,800004CC,601E,U
STEP,226,800004EC
MEM,R,800004EC,4E5E,U
MEM,R,9FFFFFD0,9FFFFFDC,U
STEP,227,800004EE
MEM,R,800004EE,4E75,U
MEM,R,9FFFFFD4,800004DC,U
STEP,228,800004DC
MEM,R,800004DC,588F,U
STEP,229,800004DE
MEM,R,800004DE,2F2E,U
MEM,R,800004E0,0008,U
MEM,R,9FFFFFE4,00000002,U
MEM,W,9FFFFFD8,00000002,U
STEP,230,800004E2
MEM,R,800004E2,2F00,U
MEM,W,9FFFFFD4,00000001,U
STEP,231,800004E4
MEM,R,800004E4,4EB9,U
MEM,R,800004E6,80000554,U
MEM,W,9FFFFFD0,800004EA,U
STEP,232,80000554
MEM,R,80000554,302F,U
MEM,R,80000556,0004,U
MEM,R,9FFFFFD4,0000,U
STEP,233,80000558
MEM,R,80000558,C0EF,U
MEM,R,8000055A,000A,U
MEM,R,9FFFFFDA,0002,U
STEP,234,8000055C
MEM,R,8000055C,322F,U
MEM,R,8000055E,0006,U
MEM,R,9FFFFFD6,0001,U
STEP,235,80000560
MEM,R,80000560,C2EF,U
MEM,R,80000562,0008,U
MEM,R,9FFFFFD8,0000,U
STEP,236,80000564
MEM,R,80000564,D041,U
STEP,237,80000566
MEM,R,80000566,4840,U
STEP,238,80000568
MEM,R,80000568,4240,U
STEP,239,8000056A
MEM,R,8000056A,322F,U
MEM,R,8000056C,0006,U
MEM,R,9FFFFFD6,0001,U
STEP,240,8000056E
MEM,R,8000056E,C2EF,U
MEM,R,80000570,000A,U
MEM,R,9FFFFFDA,0002,U
STEP,241,80000572
MEM,R,80000572,D081,U
STEP,242,80000574
MEM,R,80000574,4E75,U
MEM,R,9FFFFFD0,800004EA,U
STEP,243,800004EA
MEM,R,800004EA,508F,U
STEP,244,800004EC
MEM,R,800004EC,4E5E,U
MEM,R,9FFFFFDC,9FFFFFE8,U
STEP,245,800004EE
MEM,R,800004EE,4E75,U
MEM,R,9FFFFFE0,800004DC,U
STEP,246,800004DC
MEM,R,800004DC,588F,U
STEP,247,800004DE
MEM,R,800004DE,2F2E,U
MEM,R,800004E0,0008,U
MEM,R,9FFFFFF0,00000003,U
MEM,W,9FFFFFE4,00000003,U
STEP,248,800004E2
MEM,R,800004E2,2F00,U
MEM,W,9FFFFFE0,00000002,U
STEP,249,800004E4
MEM,R,800004E4,4EB9,U
MEM,R,800004E6,80000554,U
MEM,W,9FFFFFDC,800004EA,U
STEP,250,80000554
MEM,R,80000554,302F,U
MEM,R,80000556,0004,U
MEM,R,9FFFFFE0,0000,U
STEP,251,80000558
MEM,R,80000558,C0EF,U
MEM,R,8000055A,000A,U
MEM,R,9FFFFFE6,0003,U
STEP,252,8000055C
MEM,R,8000055C,322F,U
MEM,R,8000055E,0006,U
MEM,R,9FFFFFE2,0002,U
STEP,253,80000560
MEM,R,80000560,C2EF,U
MEM,R,80000562,0008,U
MEM,R,9FFFFFE4,0000,U
STEP,254,80000564
MEM,R,80000564,D041,U
STEP,255,80000566
MEM,R,80000566,4840,U
STEP,256,80000568
MEM,R,80000568,4240,U
STEP,257,8000056A
MEM,R,8000056A,322F,U
MEM,R,8000056C,0006,U
MEM,R,9FFFFFE2,0002,U
STEP,258,8000056E
MEM,R,8000056E,C2EF,U
MEM,R,80000570,000A,U
MEM,R,9FFFFFE6,0003,U
STEP,259,80000572
MEM,R,80000572,D081,U
STEP,260,80000574
MEM,R,80000574,4E75,U
MEM,R,9FFFFFDC,800004EA,U
STEP,261,800004EA
MEM,R,800004EA,508F,U
STEP,262,800004EC
MEM,R,800004EC,4E5E,U
MEM,R,9FFFFFE8,9FFFFFFC,U
STEP,263,800004EE
MEM,R,800004EE,4E75,U
MEM,R,9FFFFFEC,80000526,U
STEP,264,80000526
MEM,R,80000526,588F,U
STEP,265,80000528
MEM,R,80000528,2F00,U
MEM,W,9FFFFFF0,00000006,U
STEP,266,8000052A
MEM,R,8000052A,2F2E,U
MEM,R,8000052C,FFF8,U
MEM,R,9FFFFFF4,00000003,U
MEM,W,9FFFFFEC,00000003,U
STEP,267,8000052E
MEM,R,8000052E,4879,U
MEM,R,80000530,80047DAA,U
MEM,W,9FFFFFE8,80047DAA,U
STEP,268,8000053A
MEM,R,8000053A,4FEF,U
MEM,R,8000053C,000C,U
STEP,269,8000053E
MEM,R,8000053E,52AE,U
MEM,R,80000540,FFFC,U
MEM,R,9FFFFFF8,00000002,U
MEM,W,9FFFFFF8,00000003,U
STEP,270,80000542
MEM,R,80000542,2039,U
MEM,R,80000544,800680C0,U
MEM,R,800680C0,00000005,U
STEP,271,80000548
MEM,R,80000548,B0AE,U
MEM,R,8000054A,FFFC,U
MEM,R,9FFFFFF8,00000003,U
STEP,272,8000054C
MEM,R,8000054C,6EAC,U
STEP,273,800004FA
MEM,R,800004FA,202E,U
MEM,R,800004FC,FFFC,U
MEM,R,9FFFFFF8,00000003,U
STEP,274,800004FE
MEM,R,800004FE,D080,U
STEP,275,80000500
MEM,R,80000500,2240,U
STEP,276,80000502
MEM,R,80000502,D3C0,U
STEP,277,80000504
MEM,R,80000504,41F9,U
MEM,R,80000506,800680C4,U
STEP,278,8000050A
MEM,R,8000050A,2031,U
MEM,R,8000050C,8800,U
MEM,R,800680D0,80047DA6,U
STEP,279,8000050E
MEM,R,8000050E,2F00,U
MEM,W,9FFFFFF0,80047DA6,U
STEP,280,80000510
MEM,R,80000510,4EB9,U
MEM,R,80000512,80000458,U
MEM,W,9FFFFFEC,80000516,U
STEP,281,80000458
MEM,R,80000458,4E56,U
MEM,R,8000045A,FFF8,U
MEM,W,9FFFFFE8,9FFFFFFC,U
STEP,282,8000045C
MEM,R,8000045C,42AE,U
MEM,R,8000045E,FFFC,U
MEM,R,9FFFFFE4,00000003,U
MEM,W,9FFFFFE4,00000000,U
STEP,283,80000460
MEM,R,80000460,42AE,U
MEM,R,80000462,FFF8,U
MEM,R,9FFFFFE0,00000002,U
MEM,W,9FFFFFE0,00000000,U
STEP,284,80000464
MEM,R,80000464,206E,U
MEM,R,80000466,0008,U
MEM,R,9FFFFFF0,80047DA6,U
STEP,285,80000468
MEM,R,80000468,1010,U
MEM,R,80047DA6,34,U
STEP,286,8000046A
MEM,R,8000046A,0C00,U
MEM,R,8000046C,002D,U
STEP,287,8000046E
MEM,R,8000046E,6632,U
STEP,288,800004A2
MEM,R,800004A2,206E,U
MEM,R,800004A4,0008,U
MEM,R,9FFFFFF0,80047DA6,U
STEP,289,800004A6
MEM,R,800004A6,1010,U
MEM,R,80047DA6,34,U
STEP,290,800004A8
MEM,R,800004A8,4A00,U
STEP,291,800004AA
MEM,R,800004AA,66D0,U
STEP,292,8000047C
MEM,R,8000047C,222E,U
MEM,R,8000047E,FFFC,U
MEM,R,9FFFFFE4,00000000,U
STEP,293,80000480
MEM,R,80000480,2001,U
STEP,294,80000482
MEM,R,80000482,D080,U
STEP,295,80000484
MEM,R,80000484,D080,U
STEP,296,80000486
MEM,R,80000486,D081,U
STEP,297,80000488
MEM,R,80000488,D080,U
STEP,298,8000048A
MEM,R,8000048A,206E,U
MEM,R,8000048C,0008,U
MEM,R,9FFFFFF0,80047DA6,U
STEP,299,8000048E
MEM,R,8000048E,1210,U
MEM,R,80047DA6,34,U
STEP,300,80000490
MEM,R,80000490,4881,U
STEP,301,80000492
MEM,R,80000492,3041,U
STEP,302,80000494
MEM,R,80000494,41E8,U
MEM,R,80000496,FFD0,U
STEP,303,80000498
MEM,R,80000498,D1C0,U
STEP,304,8000049A
MEM,R,8000049A,2D48,U
MEM,R,8000049C,FFFC,U
MEM,W,9FFFFFE4,00000004,U
STEP,305,8000049E
MEM,R,8000049E,52AE,U
MEM,R,800004A0,0008,U
MEM,R,9FFFFFF0,80047DA6,U
MEM,W,9FFFFFF0,80047DA7,U
STEP,306,800004A2
MEM,R,800004A2,206E,U
MEM,R,800004A4,0008,U
MEM,R,9FFFFFF0,80047DA7,U
STEP,307,800004A6
MEM,R,800004A6,1010,U
MEM,R,80047DA7,00,U
STEP,308,800004A8
MEM,R,800004A8,4A00,U
STEP,309,800004AA
MEM,R,800004AA,66D0,U
STEP,310,800004AC
MEM,R,800004AC,4AAE,U
MEM,R,800004AE,FFF8,U
MEM,R,9FFFFFE0,00000000,U
STEP,311,800004B0
MEM,R,800004B0,6704,U
STEP,312,800004B6
MEM,R,800004B6,202E,U
MEM,R,800004B8,FFFC,U
MEM,R,9FFFFFE4,00000004,U
STEP,313,800004BA
MEM,R,800004BA,4E5E,U
MEM,R,9FFFFFE8,9FFFFFFC,U
STEP,314,800004BC
MEM,R,800004BC,4E75,U
MEM,R,9FFFFFEC,80000516,U
STEP,315,80000516
MEM,R,80000516,588F,U
STEP,316,80000518
MEM,R,80000518,2D40,U
MEM,R,8000051A,FFF8,U
MEM,W,9FFFFFF4,00000004,U
STEP,317,8000051C
MEM,R,8000051C,2F2E,U
MEM,R,8000051E,FFF8,U
MEM,R,9FFFFFF4,00000004,U
MEM,W,9FFFFFF0,00000004,U
STEP,318,80000520
MEM,R,80000520,4EB9,U
MEM,R,80000522,800004BE,U
MEM,W,9FFFFFEC,80000526,U
STEP,319,800004BE
MEM,R,800004BE,4E56,U
MEM,R,800004C0,0000,U
MEM,W,9FFFFFE8,9FFFFFFC,U
STEP,320,800004C2
MEM,R,800004C2,7001,U
STEP,321,800004C4
MEM,R,800004C4,B0AE,U
MEM,R,800004C6,0008,U
MEM,R,9FFFFFF0,00000004,U
STEP,322,800004C8
MEM,R,800004C8,6604,U
STEP,323,800004CE
MEM,R,800004CE,202E,U
MEM,R,800004D0,0008,U
MEM,R,9FFFFFF0,00000004,U
STEP,324,800004D2
MEM,R,800004D2,5380,U
STEP,325,800004D4
MEM,R,800004D4,2F00,U
MEM,W,9FFFFFE4,00000003,U
STEP,326,800004D6
MEM,R,800004D6,4EB9,U
MEM,R,800004D8,800004BE,U
MEM,W,9FFFFFE0,800004DC,U
STEP,327,800004BE
MEM,R,800004BE,4E56,U
MEM,R,800004C0,0000,U
MEM,W,9FFFFFDC,9FFFFFE8,U
STEP,328,800004C2
MEM,R,800004C2,7001,U
STEP,329,800004C4
MEM,R,800004C4,B0AE,U
MEM,R,800004C6,0008,U
MEM,R,9FFFFFE4,00000003,U
STEP,330,800004C8
MEM,R,800004C8,6604,U
STEP,331,800004CE
MEM,R,800004CE,202E,U
MEM,R,800004D0,0008,U
MEM,R,9FFFFFE4,00000003,U
STEP,332,800004D2
MEM,R,800004D2,5380,U
STEP,333,800004D4
MEM,R,800004D4,2F00,U
MEM,W,9FFFFFD8,00000002,U
STEP,334,800004D6
MEM,R,800004D6,4EB9,U
MEM,R,800004D8,800004BE,U
MEM,W,9FFFFFD4,800004DC,U
STEP,335,800004BE
MEM,R,800004BE,4E56,U
MEM,R,800004C0,0000,U
MEM,W,9FFFFFD0,9FFFFFDC,U
STEP,336,800004C2
MEM,R,800004C2,7001,U
STEP,337,800004C4
MEM,R,800004C4,B0AE,U
MEM,R,800004C6,0008,U
MEM,R,9FFFFFD8,00000002,U
STEP,338,800004C8
MEM,R,800004C8,6604,U
STEP,339,800004CE
MEM,R,800004CE,202E,U
MEM,R,800004D0,0008,U
MEM,R,9FFFFFD8,00000002,U
STEP,340,800004D2
MEM,R,800004D2,5380,U
STEP,341,800004D4
MEM,R,800004D4,2F00,U
MEM,W,9FFFFFCC,00000001,U
STEP,342,800004D6
MEM,R,800004D6,4EB9,U
MEM,R,800004D8,800004BE,U
MEM,W,9FFFFFC8,800004DC,U
STEP,343,800004BE
MEM,R,800004BE,4E56,U
MEM,R,800004C0,0000,U
MEM,W,9FFFFFC4,9FFFFFD0,U
STEP,344,800004C2
MEM,R,800004C2,7001,U
STEP,345,800004C4
MEM,R,800004C4,B0AE,U
MEM,R,800004C6,0008,U
MEM,R,9FFFFFCC,00000001,U
STEP,346,800004C8
MEM,R,800004C8,6604,U
STEP,347,800004CA
MEM,R,800004CA,7001,U
STEP,348,800004CC
MEM,R,800004CC,601E,U
STEP,349,800004EC
MEM,R,800004EC,4E5E,U
MEM,R,9FFFFFC4,9FFFFFD0,U
STEP,350,800004EE
MEM,R,800004EE,4E75,U
MEM,R,9FFFFFC8,800004DC,U
STEP,351,800004DC
MEM,R,800004DC,588F,U
STEP,352,800004DE
MEM,R,800004DE,2F2E,U
MEM,R,800004E0,0008,U
MEM,R,9FFFFFD8,00000002,U
MEM,W,9FFFFFCC,00000002,U
STEP,353,800004E2
MEM,R,800004E2,2F00,U
MEM,W,9FFFFFC8,00000001,U
STEP,354,800004E4
MEM,R,800004E4,4EB9,U
MEM,R,800004E6,80000554,U
MEM,W,9FFFFFC4,800004EA,U
STEP,355,80000554
MEM,R,80000554,302F,U
MEM,R,80000556,0004,U
MEM,R,9FFFFFC8,0000,U
STEP,356,80000558
MEM,R,80000558,C0EF,U
MEM,R,8000055A,000A,U
MEM,R,9FFFFFCE,0002,U
STEP,357,8000055C
MEM,R,8000055C,322F,U
MEM,R,8000055E,0006,U
MEM,R,9FFFFFCA,0001,U
STEP,358,80000560
MEM,R,80000560,C2EF,U
MEM,R,80000562,0008,U
MEM,R,9FFFFFCC,0000,U
STEP,359,80000564
MEM,R,80000564,D041,U
STEP,360,80000566
MEM,R,80000566,4840,U
STEP,361,80000568
MEM,R,80000568,4240,U
STEP,362,8000056A
MEM,R,8000056A,322F,U
MEM,R,8000056C,0006,U
MEM,R,9FFFFFCA,0001,U
STEP,363,8000056E
MEM,R,8000056E,C2EF,U
MEM,R,80000570,000A,U
MEM,R,9FFFFFCE,0002,U
STEP,364,80000572
MEM,R,80000572,D081,U
STEP,365,80000574
MEM,R,80000574,4E75,U
MEM,R,9FFFFFC4,800004EA,U
STEP,366,800004EA
MEM,R,800004EA,508F,U
STEP,367,800004EC
MEM,R,800004EC,4E5E,U
MEM,R,9FFFFFD0,9FFFFFDC,U
STEP,368,800004EE
MEM,R,800004EE,4E75,U
MEM,R,9FFFFFD4,800004DC,U
STEP,369,800004DC
MEM,R,800004DC,588F,U
STEP,370,800004DE
MEM,R,800004DE,2F2E,U
MEM,R,800004E0,0008,U
MEM,R,9FFFFFE4,00000003,U
MEM,W,9FFFFFD8,00000003,U
STEP,371,800004E2
MEM,R,800004E2,2F00,U
MEM,W,9FFFFFD4,00000002,U
STEP,372,800004E4
MEM,R,800004E4,4EB9,U
MEM,R,800004E6,80000554,U
MEM,W,9FFFFFD0,800004EA,U
STEP,373,80000554
MEM,R,80000554,302F,U
MEM,R,80000556,0004,U
MEM,R,9FFFFFD4,0000,U
STEP,374,80000558
MEM,R,80000558,C0EF,U
MEM,R,8000055A,000A,U
MEM,R,9FFFFFDA,0003,U
STEP,375,8000055C
MEM,R,8000055C,322F,U
MEM,R,8000055E,0006,U
MEM,R,9FFFFFD6,0002,U
STEP,376,80000560
MEM,R,80000560,C2EF,U
MEM,R,80000562,0008,U
MEM,R,9FFFFFD8,0000,U
STEP,377,80000564
MEM,R,80000564,D041,U
STEP,378,80000566
MEM,R,80000566,4840,U
STEP,379,80000568
MEM,R,80000568,4240,U
STEP,380,8000056A
MEM,R,8000056A,322F,U
MEM,R,8000056C,0006,U
MEM,R,9FFFFFD6,0002,U
STEP,381,8000056E
MEM,R,8000056E,C2EF,U
MEM,R,80000570,000A,U
MEM,R,9FFFFFDA,0003,U
STEP,382,80000572
MEM,R,80000572,D081,U
STEP,383,80000574
MEM,R,80000574,4E75,U
MEM,R,9FFFFFD0,800004EA,U
STEP,384,800004EA
MEM,R,800004EA,508F,U
STEP,385,800004EC
MEM,R,800004EC,4E5E,U
MEM,R,9FFFFFDC,9FFFFFE8,U
STEP,386,800004EE
MEM,R,800004EE,4E75,U
MEM,R,9FFFFFE0,800004DC,U
STEP,387,800004DC
MEM,R,800004DC,588F,U
STEP,388,800004DE
MEM,R,800004DE,2F2E,U
MEM,R,800004E0,0008,U
MEM,R,9FFFFFF0,00000004,U
MEM,W,9FFFFFE4,00000004,U
STEP,389,800004E2
MEM,R,800004E2,2F00,U
MEM,W,9FFFFFE0,00000006,U
STEP,390,800004E4
MEM,R,800004E4,4EB9,U
MEM,R,800004E6,80000554,U
MEM,W,9FFFFFDC,800004EA,U
STEP,391,80000554
MEM,R,80000554,302F,U
MEM,R,80000556,0004,U
MEM,R,9FFFFFE0,0000,U
STEP,392,80000558
MEM,R,80000558,C0EF,U
MEM,R,8000055A,000A,U
MEM,R,9FFFFFE6,0004,U
STEP,393,8000055C
MEM,R,8000055C,322F,U
MEM,R,8000055E,0006,U
MEM,R,9FFFFFE2,0006,U
STEP,394,80000560
MEM,R,80000560,C2EF,U
MEM,R,80000562,0008,U
MEM,R,9FFFFFE4,0000,U
STEP,395,80000564
MEM,R,80000564,D041,U
STEP,396,80000566
MEM,R,80000566,4840,U
STEP,397,80000568
MEM,R,80000568,4240,U
STEP,398,8000056A
MEM,R,8000056A,322F,U
MEM,R,8000056C,0006,U
MEM,R,9FFFFFE2,0006,U
STEP,399,8000056E
MEM,R,8000056E,C2EF,U
MEM,R,80000570,000A,U
MEM,R,9FFFFFE6,0004,U
STEP,400,80000572
MEM,R,80000572,D081,U
STEP,401,80000574
MEM,R,80000574,4E75,U
MEM,R,9FFFFFDC,800004EA,U
STEP,402,800004EA
MEM,R,800004EA,508F,U
STEP,403,800004EC
MEM,R,800004EC,4E5E,U
MEM,R,9FFFFFE8,9FFFFFFC,U
STEP,404,800004EE
MEM,R,800004EE,4E75,U
MEM,R,9FFFFFEC,80000526,U
STEP,405,80000526
MEM,R,80000526,588F,U
STEP,406,80000528
MEM,R,80000528,2F00,U
MEM,W,9FFFFFF0,00000018,U
STEP,407,8000052A
MEM,R,8000052A,2F2E,U
MEM,R,8000052C,FFF8,U
MEM,R,9FFFFFF4,00000004,U
MEM,W,9FFFFFEC,00000004,U
STEP,408,8000052E
MEM,R,8000052E,4879,U
MEM,R,80000530,80047DAA,U
MEM,W,9FFFFFE8,80047DAA,U
STEP,409,8000053A
MEM,R,8000053A,4FEF,U
MEM,R,8000053C,000C,U
STEP,410,8000053E
MEM,R,8000053E,52AE,U
MEM,R,80000540,FFFC,U
MEM,R,9FFFFFF8,00000003,U
MEM,W,9FFFFFF8,00000004,U
STEP,411,80000542
MEM,R,80000542,2039,U
MEM,R,80000544,800680C0,U
MEM,R,800680C0,00000005,U
STEP,412,80000548
MEM,R,80000548,B0AE,U
MEM,R,8000054A,FFFC,U
MEM,R,9FFFFFF8,00000004,U
STEP,413,8000054C
MEM,R,8000054C,6EAC,U
STEP,414,800004FA
MEM,R,800004FA,202E,U
MEM,R,800004FC,FFFC,U
MEM,R,9FFFFFF8,00000004,U
STEP,415,800004FE
MEM,R,800004FE,D080,U
STEP,416,80000500
MEM,R,80000500,2240,U
STEP,417,80000502
MEM,R,80000502,D3C0,U
STEP,418,80000504
MEM,R,80000504,41F9,U
MEM,R,80000506,800680C4,U
STEP,419,8000050A
MEM,R,8000050A,2031,U
MEM,R,8000050C,8800,U
MEM,R,800680D4,80047DA8,U
STEP,420,8000050E
MEM,R,8000050E,2F00,U
MEM,W,9FFFFFF0,80047DA8,U
STEP,421,80000510
MEM,R,80000510,4EB9,U
MEM,R,80000512,80000458,U
MEM,W,9FFFFFEC,80000516,U
STEP,422,80000458
MEM,R,80000458,4E56,U
MEM,R,8000045A,FFF8,U
MEM,W,9FFFFFE8,9FFFFFFC,U
STEP,423,8000045C
MEM,R,8000045C,42AE,U
MEM,R,8000045E,FFFC,U
MEM,R,9FFFFFE4,00000004,U
MEM,W,9FFFFFE4,00000000,U
STEP,424,80000460
MEM,R,80000460,42AE,U
MEM,R,80000462,FFF8,U
MEM,R,9FFFFFE0,00000006,U
MEM,W,9FFFFFE0,00000000,U
STEP,425,80000464
MEM,R,80000464,206E,U
MEM,R,80000466,0008,U
MEM,R,9FFFFFF0,80047DA8,U
STEP,426,80000468
MEM,R,80000468,1010,U
MEM,R,80047DA8,35,U
STEP,427,8000046A
MEM,R,8000046A,0C00,U
MEM,R,8000046C,002D,U
STEP,428,8000046E
MEM,R,8000046E,6632,U
STEP,429,800004A2
MEM,R,800004A2,206E,U
MEM,R,800004A4,0008,U
MEM,R,9FFFFFF0,80047DA8,U
STEP,430,800004A6
MEM,R,800004A6,1010,U
MEM,R,80047DA8,35,U
STEP,431,800004A8
MEM,R,800004A8,4A00,U
STEP,432,800004AA
MEM,R,800004AA,66D0,U
STEP,433,8000047C
MEM,R,8000047C,222E,U
MEM,R,8000047E,FFFC,U
MEM,R,9FFFFFE4,00000000,U
STEP,434,80000480
MEM,R,80000480,2001,U
STEP,435,80000482
MEM,R,80000482,D080,U
STEP,436,80000484
MEM,R,80000484,D080,U
STEP,437,80000486
MEM,R,80000486,D081,U
STEP,438,80000488
MEM,R,80000488,D080,U
STEP,439,8000048A
MEM,R,8000048A,206E,U
MEM,R,8000048C,0008,U
MEM,R,9FFFFFF0,80047DA8,U
STEP,440,8000048E
MEM,R,8000048E,1210,U
MEM,R,80047DA8,35,U
STEP,441,80000490
MEM,R,80000490,4881,U
STEP,442,80000492
MEM,R,80000492,3041,U
STEP,443,80000494
MEM,R,80000494,41E8,U
MEM,R,80000496,FFD0,U
STEP,444,80000498
MEM,R,80000498,D1C0,U
STEP,445,8000049A
MEM,R,8000049A,2D48,U
MEM,R,8000049C,FFFC,U
MEM,W,9FFFFFE4,00000005,U
STEP,446,8000049E
MEM,R,8000049E,52AE,U
MEM,R,800004A0,0008,U
MEM,R,9FFFFFF0,80047DA8,U
MEM,W,9FFFFFF0,80047DA9,U
STEP,447,800004A2
MEM,R,800004A2,206E,U
MEM,R,800004A4,0008,U
MEM,R,9FFFFFF0,80047DA9,U
STEP,448,800004A6
MEM,R,800004A6,1010,U
MEM,R,80047DA9,00,U
STEP,449,800004A8
MEM,R,800004A8,4A00,U
STEP,450,800004AA
MEM,R,800004AA,66D0,U
STEP,451,800004AC
MEM,R,800004AC,4AAE,U
MEM,R,800004AE,FFF8,U
MEM,R,9FFFFFE0,00000000,U
STEP,452,800004B0
MEM,R,800004B0,6704,U
STEP,453,800004B6
MEM,R,800004B6,202E,U
MEM,R,800004B8,FFFC,U
MEM,R,9FFFFFE4,00000005,U
STEP,454,800004BA
MEM,R,800004BA,4E5E,U
MEM,R,9FFFFFE8,9FFFFFFC,U
STEP,455,800004BC
MEM,R,800004BC,4E75,U
MEM,R,9FFFFFEC,80000516,U
STEP,456,80000516
MEM,R,80000516,588F,U
STEP,457,80000518
MEM,R,80000518,2D40,U
MEM,R,8000051A,FFF8,U
MEM,W,9FFFFFF4,00000005,U
STEP,458,8000051C
MEM,R,8000051C,2F2E,U
MEM,R,8000051E,FFF8,U
MEM,R,9FFFFFF4,00000005,U
MEM,W,9FFFFFF0,00000005,U
STEP,459,80000520
MEM,R,80000520,4EB9,U
MEM,R,80000522,800004BE,U
MEM,W,9FFFFFEC,80000526,U
STEP,460,800004BE
MEM,R,800004BE,4E56,U
MEM,R,800004C0,0000,U
MEM,W,9FFFFFE8,9FFFFFFC,U
STEP,461,800004C2
MEM,R,800004C2,7001,U
STEP,462,800004C4
MEM,R,800004C4,B0AE,U
MEM,R,800004C6,0008,U
MEM,R,9FFFFFF0,00000005,U
STEP,463,800004C8
MEM,R,800004C8,6604,U
STEP,464,800004CE
MEM,R,800004CE,202E,U
MEM,R,800004D0,0008,U
MEM,R,9FFFFFF0,00000005,U
STEP,465,800004D2
MEM,R,800004D2,5380,U
STEP,466,800004D4
MEM,R,800004D4,2F00,U
MEM,W,9FFFFFE4,00000004,U
STEP,467,800004D6
MEM,R,800004D6,4EB9,U
MEM,R,800004D8,800004BE,U
MEM,W,9FFFFFE0,800004DC,U
STEP,468,800004BE
MEM,R,800004BE,4E56,U
MEM,R,800004C0,0000,U
MEM,W,9FFFFFDC,9FFFFFE8,U
STEP,469,800004C2
MEM,R,800004C2,7001,U
STEP,470,800004C4
MEM,R,800004C4,B0AE,U
MEM,R,800004C6,0008,U
MEM,R,9FFFFFE4,00000004,U
STEP,471,800004C8
MEM,R,800004C8,6604,U
STEP,472,800004CE
MEM,R,800004CE,202E,U
MEM,R,800004D0,0008,U
MEM,R,9FFFFFE4,00000004,U
STEP,473,800004D2
MEM,R,800004D2,5380,U
STEP,474,800004D4
MEM,R,800004D4,2F00,U
MEM,W,9FFFFFD8,00000003,U
STEP,475,800004D6
MEM,R,800004D6,4EB9,U
MEM,R,800004D8,800004BE,U
MEM,W,9FFFFFD4,800004DC,U
STEP,476,800004BE
MEM,R,800004BE,4E56,U
MEM,R,800004C0,0000,U
MEM,W,9FFFFFD0,9FFFFFDC,U
STEP,477,800004C2
MEM,R,800004C2,7001,U
STEP,478,800004C4
MEM,R,800004C4,B0AE,U
MEM,R,800004C6,0008,U
MEM,R,9FFFFFD8,00000003,U
STEP,479,800004C8
MEM,R,800004C8,6604,U
STEP,480,800004CE
MEM,R,800004CE,202E,U
MEM,R,800004D0,0008,U
MEM,R,9FFFFFD8,00000003,U
STEP,481,800004D2
MEM,R,800004D2,5380,U
STEP,482,800004D4
MEM,R,800004D4,2F00,U
MEM,W,9FFFFFCC,00000002,U
STEP,483,800004D6
MEM,R,800004D6,4EB9,U
MEM,R,800004D8,800004BE,U
MEM,W,9FFFFFC8,800004DC,U
STEP,484,800004BE
MEM,R,800004BE,4E56,U
MEM,R,800004C0,0000,U
MEM,W,9FFFFFC4,9FFFFFD0,U
STEP,485,800004C2
MEM,R,800004C2,7001,U
STEP,486,800004C4
MEM,R,800004C4,B0AE,U
MEM,R,800004C6,0008,U
MEM,R,9FFFFFCC,00000002,U
STEP,487,800004C8
MEM,R,800004C8,6604,U
STEP,488,800004CE
MEM,R,800004CE,202E,U
MEM,R,800004D0,0008,U
MEM,R,9FFFFFCC,00000002,U
STEP,489,800004D2
MEM,R,800004D2,5380,U
STEP,490,800004D4
MEM,R,800004D4,2F00,U
MEM,W,9FFFFFC0,00000001,U
STEP,491,800004D6
MEM,R,800004D6,4EB9,U
MEM,R,800004D8,800004BE,U
MEM,W,9FFFFFBC,800004DC,U
STEP,492,800004BE
MEM,R,800004BE,4E56,U
MEM,R,800004C0,0000,U
MEM,W,9FFFFFB8,9FFFFFC4,U
STEP,493,800004C2
MEM,R,800004C2,7001,U
STEP,494,800004C4
MEM,R,800004C4,B0AE,U
MEM,R,800004C6,0008,U
MEM,R,9FFFFFC0,00000001,U
STEP,495,800004C8
MEM,R,800004C8,6604,U
STEP,496,800004CA
MEM,R,800004CA,7001,U
STEP,497,800004CC
MEM,R,800004CC,601E,U
STEP,498,800004EC
MEM,R,800004EC,4E5E,U
MEM,R,9FFFFFB8,9FFFFFC4,U
STEP,499,800004EE
MEM,R,800004EE,4E75,U
MEM,R,9FFFFFBC,800004DC,U
STEP,500,800004DC
MEM,R,800004DC,588F,U
STEP,501,800004DE
MEM,R,800004DE,2F2E,U
MEM,R,800004E0,0008,U
MEM,R,9FFFFFCC,00000002,U
MEM,W,9FFFFFC0,00000002,U
STEP,502,800004E2
MEM,R,800004E2,2F00,U
MEM,W,9FFFFFBC,00000001,U
STEP,503,800004E4
MEM,R,800004E4,4EB9,U
MEM,R,800004E6,80000554,U
MEM,W,9FFFFFB8,800004EA,U
STEP,504,80000554
MEM,R,80000554,302F,U
MEM,R,80000556,0004,U
MEM,R,9FFFFFBC,0000,U
STEP,505,80000558
MEM,R,80000558,C0EF,U
MEM,R,8000055A,000A,U
MEM,R,9FFFFFC2,0002,U
STEP,506,8000055C
MEM,R,8000055C,322F,U
MEM,R,8000055E,0006,U
MEM,R,9FFFFFBE,0001,U
STEP,507,80000560
MEM,R,80000560,C2EF,U
MEM,R,80000562,0008,U
MEM,R,9FFFFFC0,0000,U
STEP,508,80000564
MEM,R,80000564,D041,U
STEP,509,80000566
MEM,R,80000566,4840,U
STEP,510,80000568
MEM,R,80000568,4240,U
STEP,511,8000056A
MEM,R,8000056A,322F,U
MEM,R,8000056C,0006,U
MEM,R,9FFFFFBE,0001,U
STEP,512,8000056E
MEM,R,8000056E,C2EF,U
MEM,R,80000570,000A,U
MEM,R,9FFFFFC2,0002,U
STEP,513,80000572
MEM,R,80000572,D081,U
STEP,514,80000574
MEM,R,80000574,4E75,U
MEM,R,9FFFFFB8,800004EA,U
STEP,515,800004EA
MEM,R,800004EA,508F,U
STEP,516,800004EC
MEM,R,800004EC,4E5E,U
MEM,R,9FFFFFC4,9FFFFFD0,U
STEP,517,800004EE
MEM,R,800004EE,4E75,U
MEM,R,9FFFFFC8,800004DC,U
STEP,518,800004DC
MEM,R,800004DC,588F,U
STEP,519,800004DE
MEM,R,800004DE,2F2E,U
MEM,R,800004E0,0008,U
MEM,R,9FFFFFD8,00000003,U
MEM,W,9FFFFFCC,00000003,U
STEP,520,800004E2
MEM,R,800004E2,2F00,U
MEM,W,9FFFFFC8,00000002,U
STEP,521,800004E4
MEM,R,800004E4,4EB9,U
MEM,R,800004E6,80000554,U
MEM,W,9FFFFFC4,800004EA,U
STEP,522,80000554
MEM,R,80000554,302F,U
MEM,R,80000556,0004,U
MEM,R,9FFFFFC8,0000,U
STEP,523,80000558
MEM,R,80000558,C0EF,U
MEM,R,8000055A,000A,U
MEM,R,9FFFFFCE,0003,U
STEP,524,8000055C
MEM,R,8000055C,322F,U
MEM,R,8000055E,0006,U
MEM,R,9FFFFFCA,0002,U
STEP,525,80000560
MEM,R,80000560,C2EF,U
MEM,R,80000562,0008,U
MEM,R,9FFFFFCC,0000,U
STEP,526,80000564
MEM,R,80000564,D041,U
STEP,527,80000566
MEM,R,80000566,4840,U
STEP,528,80000568
MEM,R,80000568,4240,U
STEP,529,8000056A
MEM,R,8000056A,322F,U
MEM,R,8000056C,0006,U
MEM,R,9FFFFFCA,0002,U
STEP,530,8000056E
MEM,R,8000056E,C2EF,U
MEM,R,80000570,000A,U
MEM,R,9FFFFFCE,0003,U
STEP,531,80000572
MEM,R,80000572,D081,U
STEP,532,80000574
MEM,R,80000574,4E75,U
MEM,R,9FFFFFC4,800004EA,U
STEP,533,800004EA
MEM,R,800004EA,508F,U
STEP,534,800004EC
MEM,R,800004EC,4E5E,U
MEM,R,9FFFFFD0,9FFFFFDC,U
STEP,535,800004EE
MEM,R,800004EE,4E75,U
MEM,R,9FFFFFD4,800004DC,U
STEP,536,800004DC
MEM,R,800004DC,588F,U
STEP,537,800004DE
MEM,R,800004DE,2F2E,U
MEM,R,800004E0,0008,U
MEM,R,9FFFFFE4,00000004,U
MEM,W,9FFFFFD8,00000004,U
STEP,538,800004E2
MEM,R,800004E2,2F00,U
MEM,W,9FFFFFD4,00000006,U
STEP,539,800004E4
MEM,R,800004E4,4EB9,U
MEM,R,800004E6,80000554,U
MEM,W,9FFFFFD0,800004EA,U
STEP,540,80000554
MEM,R,80000554,302F,U
MEM,R,80000556,0004,U
MEM,R,9FFFFFD4,0000,U
STEP,541,80000558
MEM,R,80000558,C0EF,U
MEM,R,8000055A,000A,U
MEM,R,9FFFFFDA,0004,U
STEP,542,8000055C
MEM,R,8000055C,322F,U
MEM,R,8000055E,0006,U
MEM,R,9FFFFFD6,0006,U
STEP,543,80000560
MEM,R,80000560,C2EF,U
MEM,R,80000562,0008,U
MEM,R,9FFFFFD8,0000,U
STEP,544,80000564
MEM,R,80000564,D041,U
STEP,545,80000566
MEM,R,80000566,4840,U
STEP,546,80000568
MEM,R,80000568,4240,U
STEP,547,8000056A
MEM,R,8000056A,322F,U
MEM,R,8000056C,0006,U
MEM,R,9FFFFFD6,0006,U
STEP,548,8000056E
MEM,R,8000056E,C2EF,U
MEM,R,80000570,000A,U
MEM,R,9FFFFFDA,0004,U
STEP,549,80000572
MEM,R,80000572,D081,U
STEP,550,80000574
MEM,R,80000574,4E75,U
MEM,R,9FFFFFD0,800004EA,U
STEP,551,800004EA
MEM,R,800004EA,508F,U
STEP,552,800004EC
MEM,R,800004EC,4E5E,U
MEM,R,9FFFFFDC,9FFFFFE8,U
STEP,553,800004EE
MEM,R,800004EE,4E75,U
MEM,R,9FFFFFE0,800004DC,U
STEP,554,800004DC
MEM,R,800004DC,588F,U
STEP,555,800004DE
MEM,R,800004DE,2F2E,U
MEM,R,800004E0,0008,U
MEM,R,9FFFFFF0,00000005,U
MEM,W,9FFFFFE4,00000005,U
STEP,556,800004E2
MEM,R,800004E2,2F00,U
MEM,W,9FFFFFE0,00000018,U
STEP,557,800004E4
MEM,R,800004E4,4EB9,U
MEM,R,800004E6,80000554,U
MEM,W,9FFFFFDC,800004EA,U
STEP,558,80000554
MEM,R,80000554,302F,U
MEM,R,80000556,0004,U
MEM,R,9FFFFFE0,0000,U
STEP,559,80000558
MEM,R,80000558,C0EF,U
MEM,R,8000055A,000A,U
MEM,R,9FFFFFE6,0005,U
STEP,560,8000055C
MEM,R,8000055C,322F,U
MEM,R,8000055E,0006,U
MEM,R,9FFFFFE2,0018,U
STEP,561,80000560
MEM,R,80000560,C2EF,U
MEM,R,80000562,0008,U
MEM,R,9FFFFFE4,0000,U
STEP,562,80000564
MEM,R,80000564,D041,U
STEP,563,80000566
MEM,R,80000566,4840,U
STEP,564,80000568
MEM,R,80000568,4240,U
STEP,565,8000056A
MEM,R,8000056A,322F,U
MEM,R,8000056C,0006,U
MEM,R,9FFFFFE2,0018,U
STEP,566,8000056E
MEM,R,8000056E,C2EF,U
MEM,R,80000570,000A,U
MEM,R,9FFFFFE6,0005,U
STEP,567,80000572
MEM,R,80000572,D081,U
STEP,568,80000574
MEM,R,80000574,4E75,U
MEM,R,9FFFFFDC,800004EA,U
STEP,569,800004EA
MEM,R,800004EA,508F,U
STEP,570,800004EC
MEM,R,800004EC,4E5E,U
MEM,R,9FFFFFE8,9FFFFFFC,U
STEP,571,800004EE
MEM,R,800004EE,4E75,U
MEM,R,9FFFFFEC,80000526,U
STEP,572,80000526
MEM,R,80000526,588F,U
STEP,573,80000528
MEM,R,80000528,2F00,U
MEM,W,9FFFFFF0,00000078,U
STEP,574,8000052A
MEM,R,8000052A,2F2E,U
MEM,R,8000052C,FFF8,U
MEM,R,9FFFFFF4,00000005,U
MEM,W,9FFFFFEC,00000005,U
STEP,575,8000052E
MEM,R,8000052E,4879,U
MEM,R,80000530,80047DAA,U
MEM,W,9FFFFFE8,80047DAA,U
STEP,576,8000053A
MEM,R,8000053A,4FEF,U
MEM,R,8000053C,000C,U
STEP,577,8000053E
MEM,R,8000053E,52AE,U
MEM,R,80000540,FFFC,U
MEM,R,9FFFFFF8,00000004,U
MEM,W,9FFFFFF8,00000005,U
STEP,578,80000542
MEM,R,80000542,2039,U
MEM,R,80000544,800680C0,U
MEM,R,800680C0,00000005,U
STEP,579,80000548
MEM,R,80000548,B0AE,U
MEM,R,8000054A,FFFC,U
MEM,R,9FFFFFF8,00000005,U
STEP,580,8000054C
MEM,R,8000054C,6EAC,U
STEP,581,8000054E
MEM,R,8000054E,7000,U
STEP,582,80000550
MEM,R,80000550,4E5E,U
MEM,R,9FFFFFFC,FFFFFFC8,U
